time="2023-05-29T19:41:08+03:00" level=info msg="Create router" func="main.main()" file="main.go 17"
time="2023-05-29T19:41:08+03:00" level=info msg="Register user handler" func="main.main()" file="main.go 20"
time="2023-05-29T19:41:08+03:00" level=info msg="Start application" func="main.start()" file="main.go 31"
time="2023-05-29T19:41:08+03:00" level=info msg="Listen TCP" func="main.start()" file="main.go 35"
time="2023-05-29T19:41:08+03:00" level=info msg="Server is listening port :10000" func="main.start()" file="main.go 37"
time="2023-05-29T19:56:36+03:00" level=info msg="Create router" func="main.main()" file="main.go 17"
time="2023-05-29T19:56:36+03:00" level=info msg="Register user handler" func="main.main()" file="main.go 20"
time="2023-05-29T19:56:36+03:00" level=info msg="Start application" func="main.start()" file="main.go 31"
time="2023-05-29T19:56:36+03:00" level=info msg="Listen TCP" func="main.start()" file="main.go 35"
time="2023-05-29T19:56:36+03:00" level=info msg="Server is listening port :10000" func="main.start()" file="main.go 37"
time="2023-05-29T19:57:13+03:00" level=info msg="Create router" func="main.main()" file="main.go 17"
time="2023-05-29T19:57:13+03:00" level=info msg="Register user handler" func="main.main()" file="main.go 20"
time="2023-05-29T19:57:13+03:00" level=info msg="Start application" func="main.start()" file="main.go 31"
time="2023-05-29T19:57:13+03:00" level=info msg="Listen TCP" func="main.start()" file="main.go 35"
time="2023-05-29T19:57:13+03:00" level=info msg="Server is listening port :10000" func="main.start()" file="main.go 37"
time="2023-05-30T19:17:23+03:00" level=info msg="Create router" func="main.main()" file="main.go 17"
time="2023-05-30T19:17:23+03:00" level=info msg="Register user handler" func="main.main()" file="main.go 20"
time="2023-05-30T19:17:23+03:00" level=info msg="Start application" func="main.start()" file="main.go 31"
time="2023-05-30T19:17:23+03:00" level=info msg="Listen TCP" func="main.start()" file="main.go 35"
time="2023-05-30T19:17:23+03:00" level=info msg="Server is listening port :10000" func="main.start()" file="main.go 37"
time="2023-05-30T21:10:50+03:00" level=info msg="Create router" func="main.main()" file="main.go 20"
time="2023-05-30T21:10:50+03:00" level=trace msg="SQL Query:    SELECT id, name FROM public.author  " func="github.com/alexPavlikov/REST-API_Clean_Architecture/internal/author.(*repository).FindAll()" file="postgresql.go 54"
time="2023-05-30T21:18:20+03:00" level=info msg="Create router" func="main.main()" file="main.go 20"
time="2023-05-30T21:18:20+03:00" level=trace msg="SQL Query:    SELECT id, name FROM public.author  " func="github.com/alexPavlikov/REST-API_Clean_Architecture/internal/author.(*repository).FindAll()" file="postgresql.go 54"
time="2023-05-31T18:41:25+03:00" level=info msg="Create router" func="main.main()" file="main.go 20"
time="2023-05-31T18:41:25+03:00" level=trace msg="SQL Query:   INSERT INTO author    (name)   VALUES    ($1)   RETURNING id  " func="github.com/alexPavlikov/REST-API_Clean_Architecture/internal/author.(*repository).Create()" file="postgresql.go 31"
time="2023-05-31T18:42:00+03:00" level=info msg="Create router" func="main.main()" file="main.go 20"
time="2023-05-31T18:42:00+03:00" level=trace msg="SQL Query:   INSERT INTO public.author    (name)   VALUES    ($1)   RETURNING id  " func="github.com/alexPavlikov/REST-API_Clean_Architecture/internal/author.(*repository).Create()" file="postgresql.go 31"
time="2023-05-31T18:49:29+03:00" level=info msg="Create router" func="main.main()" file="main.go 20"
time="2023-05-31T18:49:29+03:00" level=info msg="Register user handler" func="main.main()" file="main.go 50"
time="2023-05-31T18:49:29+03:00" level=info msg="Start application" func="main.start()" file="main.go 59"
time="2023-05-31T18:49:29+03:00" level=info msg="Listen TCP" func="main.start()" file="main.go 63"
time="2023-05-31T18:49:29+03:00" level=info msg="Server is listening port :10000" func="main.start()" file="main.go 65"
time="2023-05-31T18:52:27+03:00" level=info msg="Create router" func="main.main()" file="main.go 20"
time="2023-05-31T18:52:27+03:00" level=info msg="Register user handler" func="main.main()" file="main.go 50"
time="2023-05-31T18:52:27+03:00" level=info msg="Start application" func="main.start()" file="main.go 59"
time="2023-05-31T18:52:27+03:00" level=info msg="Listen TCP" func="main.start()" file="main.go 63"
time="2023-05-31T18:52:27+03:00" level=info msg="Server is listening port :10000" func="main.start()" file="main.go 65"
time="2023-05-31T18:53:10+03:00" level=info msg="Create router" func="main.main()" file="main.go 20"
time="2023-05-31T18:53:10+03:00" level=info msg="Register user handler" func="main.main()" file="main.go 50"
time="2023-05-31T18:53:10+03:00" level=info msg="Start application" func="main.start()" file="main.go 59"
time="2023-05-31T18:53:10+03:00" level=info msg="Listen TCP" func="main.start()" file="main.go 63"
time="2023-05-31T18:53:10+03:00" level=info msg="Server is listening port :10000" func="main.start()" file="main.go 65"
time="2023-05-31T18:54:15+03:00" level=info msg="Create router" func="main.main()" file="main.go 20"
time="2023-05-31T18:54:41+03:00" level=fatal msg="error do with tries postgresql" func="github.com/alexPavlikov/REST-API_Clean_Architecture/pkg/client/postgresql.NewClient()" file="postgresql.go 39"
time="2023-05-31T18:55:02+03:00" level=info msg="Create router" func="main.main()" file="main.go 20"
time="2023-05-31T18:55:02+03:00" level=info msg="Register user handler" func="main.main()" file="main.go 50"
time="2023-05-31T18:55:02+03:00" level=info msg="Start application" func="main.start()" file="main.go 59"
time="2023-05-31T18:55:02+03:00" level=info msg="Listen TCP" func="main.start()" file="main.go 63"
time="2023-05-31T18:55:02+03:00" level=info msg="Server is listening port :10000" func="main.start()" file="main.go 65"
time="2023-05-31T18:55:40+03:00" level=info msg="Create router" func="main.main()" file="main.go 20"
time="2023-05-31T18:55:40+03:00" level=trace msg="SQL Query:   INSERT INTO public.author    (name)   VALUES    ($1)   RETURNING id  " func="github.com/alexPavlikov/REST-API_Clean_Architecture/internal/author.(*repository).Create()" file="postgresql.go 31"
time="2023-05-31T18:55:40+03:00" level=trace msg="SQL Query:    SELECT id, name    FROM public.author  " func="github.com/alexPavlikov/REST-API_Clean_Architecture/internal/author.(*repository).FindAll()" file="postgresql.go 50"
time="2023-05-31T18:55:40+03:00" level=info msg="{a50ca046-e3a9-469c-8a41-2d15a20be951 Test_First}" func="main.main()" file="main.go 47"
time="2023-05-31T18:55:40+03:00" level=info msg="{63bab7ae-adf9-4f5c-b5e0-5816bda6aa97 Test_Second}" func="main.main()" file="main.go 47"
time="2023-05-31T18:55:40+03:00" level=info msg="{c8b01041-8a7b-417b-968f-b47e438ab40a Test_Third}" func="main.main()" file="main.go 47"
time="2023-05-31T18:55:40+03:00" level=info msg="{8db532d8-1e4d-4620-93cb-73ffa1f0ddd6 Test_DB}" func="main.main()" file="main.go 47"
time="2023-05-31T18:55:40+03:00" level=info msg="{b15c971e-ca65-4b5d-9419-1cb8dcdac7a0 AlexPav312}" func="main.main()" file="main.go 47"
time="2023-05-31T18:55:40+03:00" level=info msg="Register user handler" func="main.main()" file="main.go 50"
time="2023-05-31T18:55:40+03:00" level=info msg="Start application" func="main.start()" file="main.go 59"
time="2023-05-31T18:55:40+03:00" level=info msg="Listen TCP" func="main.start()" file="main.go 63"
time="2023-05-31T18:55:40+03:00" level=info msg="Server is listening port :10000" func="main.start()" file="main.go 65"
time="2023-05-31T22:04:17+03:00" level=info msg="Create router" func="main.main()" file="main.go 21"
time="2023-05-31T22:04:17+03:00" level=trace msg="SQL Query:    SELECT id, name    FROM public.book  " func="github.com/alexPavlikov/REST-API_Clean_Architecture/internal/book.(*repository).FindAll()" file="postgresql.go 47"
time="2023-05-31T22:04:17+03:00" level=fatal msg="expected 1 arguments, got 0" func="main.main()" file="main.go 36"
time="2023-05-31T22:05:51+03:00" level=info msg="Create router" func="main.main()" file="main.go 21"
time="2023-05-31T22:05:51+03:00" level=trace msg="SQL Query:    SELECT id, name    FROM public.book  " func="github.com/alexPavlikov/REST-API_Clean_Architecture/internal/book.(*repository).FindAll()" file="postgresql.go 47"
time="2023-05-31T22:05:51+03:00" level=info msg="[{b2c048d6-d939-451a-8d8b-559db158897e Book1 [{78d19e5b-1280-4f9a-8e6a-176eed7086d5 Vasya}]} {5dc2d424-9c62-4259-96d1-da670dd52761 Book2 [{78d19e5b-1280-4f9a-8e6a-176eed7086d5 Vasya}]}]" func="main.main()" file="main.go 38"
time="2023-05-31T22:05:51+03:00" level=info msg="Register user handler" func="main.main()" file="main.go 59"
time="2023-05-31T22:05:51+03:00" level=info msg="Start application" func="main.start()" file="main.go 68"
time="2023-05-31T22:05:51+03:00" level=info msg="Listen TCP" func="main.start()" file="main.go 72"
time="2023-05-31T22:05:51+03:00" level=info msg="Server is listening port :10000" func="main.start()" file="main.go 74"
time="2023-05-31T22:09:41+03:00" level=info msg="Create router" func="main.main()" file="main.go 21"
time="2023-05-31T22:09:41+03:00" level=trace msg="SQL Query:    SELECT id, name    FROM public.book  " func="github.com/alexPavlikov/REST-API_Clean_Architecture/internal/book.(*repository).FindAll()" file="postgresql.go 47"
time="2023-05-31T22:09:42+03:00" level=info msg=Book1 func="main.main()" file="main.go 40"
time="2023-05-31T22:09:42+03:00" level=info msg=Book2 func="main.main()" file="main.go 40"
time="2023-05-31T22:09:42+03:00" level=info msg="Register user handler" func="main.main()" file="main.go 62"
time="2023-05-31T22:09:42+03:00" level=info msg="Start application" func="main.start()" file="main.go 71"
time="2023-05-31T22:09:42+03:00" level=info msg="Listen TCP" func="main.start()" file="main.go 75"
time="2023-05-31T22:09:42+03:00" level=info msg="Server is listening port :10000" func="main.start()" file="main.go 77"
time="2023-05-31T22:11:40+03:00" level=info msg="Create router" func="main.main()" file="main.go 21"
time="2023-05-31T22:11:40+03:00" level=trace msg="SQL Query:    SELECT id, name    FROM public.book  " func="github.com/alexPavlikov/REST-API_Clean_Architecture/internal/book.(*repository).FindAll()" file="postgresql.go 47"
time="2023-05-31T22:11:40+03:00" level=info msg=Book1 func="main.main()" file="main.go 40"
time="2023-05-31T22:11:40+03:00" level=info msg=Book2 func="main.main()" file="main.go 40"
time="2023-05-31T22:11:40+03:00" level=info msg="Register user handler" func="main.main()" file="main.go 62"
time="2023-05-31T22:11:40+03:00" level=info msg="Start application" func="main.start()" file="main.go 71"
time="2023-05-31T22:11:40+03:00" level=info msg="Listen TCP" func="main.start()" file="main.go 75"
time="2023-05-31T22:11:40+03:00" level=info msg="Server is listening port :10000" func="main.start()" file="main.go 77"
time="2023-05-31T22:13:35+03:00" level=info msg="Create router" func="main.main()" file="main.go 20"
time="2023-05-31T22:13:35+03:00" level=trace msg="SQL Query:    SELECT id, name    FROM public.book  " func="github.com/alexPavlikov/REST-API_Clean_Architecture/internal/book.(*repository).FindAll()" file="postgresql.go 47"
time="2023-05-31T22:13:35+03:00" level=info msg=Book1 func="main.main()" file="main.go 39"
time="2023-05-31T22:13:35+03:00" level=info msg=Book2 func="main.main()" file="main.go 39"
time="2023-05-31T22:13:35+03:00" level=info msg="Register user handler" func="main.main()" file="main.go 60"
time="2023-05-31T22:13:35+03:00" level=info msg="Start application" func="main.start()" file="main.go 69"
time="2023-05-31T22:13:35+03:00" level=info msg="Listen TCP" func="main.start()" file="main.go 73"
time="2023-05-31T22:13:35+03:00" level=info msg="Server is listening port :10000" func="main.start()" file="main.go 75"
time="2023-05-31T22:24:59+03:00" level=info msg="Create router" func="main.main()" file="main.go 20"
time="2023-05-31T22:24:59+03:00" level=trace msg="SQL Query:    SELECT id, name    FROM public.book  " func="github.com/alexPavlikov/REST-API_Clean_Architecture/internal/book.(*repository).FindAll()" file="postgresql.go 47"
time="2023-05-31T22:24:59+03:00" level=info msg=Book1 func="main.main()" file="main.go 38"
time="2023-05-31T22:24:59+03:00" level=info msg=Book2 func="main.main()" file="main.go 38"
time="2023-05-31T22:24:59+03:00" level=info msg="Register user handler" func="main.main()" file="main.go 41"
time="2023-05-31T22:24:59+03:00" level=info msg="Start application" func="main.start()" file="main.go 50"
time="2023-05-31T22:24:59+03:00" level=info msg="Listen TCP" func="main.start()" file="main.go 54"
time="2023-05-31T22:24:59+03:00" level=info msg="Server is listening port :10000" func="main.start()" file="main.go 56"
time="2023-05-31T22:25:13+03:00" level=info msg="Create router" func="main.main()" file="main.go 20"
time="2023-05-31T22:25:13+03:00" level=trace msg="SQL Query:    SELECT id, name    FROM public.book  " func="github.com/alexPavlikov/REST-API_Clean_Architecture/internal/book.(*repository).FindAll()" file="postgresql.go 47"
time="2023-05-31T22:25:13+03:00" level=info msg="{b2c048d6-d939-451a-8d8b-559db158897e Book1 [{78d19e5b-1280-4f9a-8e6a-176eed7086d5 Vasya}]}" func="main.main()" file="main.go 38"
time="2023-05-31T22:25:13+03:00" level=info msg="{5dc2d424-9c62-4259-96d1-da670dd52761 Book2 [{08d2ef86-edf0-4361-8742-11fa9acea942 Alex} {3f749155-1f75-408d-a0a4-37dbff42c1cb Danil}]}" func="main.main()" file="main.go 38"
time="2023-05-31T22:25:13+03:00" level=info msg="Register user handler" func="main.main()" file="main.go 41"
time="2023-05-31T22:25:13+03:00" level=info msg="Start application" func="main.start()" file="main.go 50"
time="2023-05-31T22:25:13+03:00" level=info msg="Listen TCP" func="main.start()" file="main.go 54"
time="2023-05-31T22:25:13+03:00" level=info msg="Server is listening port :10000" func="main.start()" file="main.go 56"
time="2023-06-01T15:54:23+03:00" level=info msg="Create router" func="main.main()" file="main.go 20"
time="2023-06-01T15:54:23+03:00" level=trace msg="SQL Query:    SELECT id, name    FROM public.book  " func="github.com/alexPavlikov/REST-API_Clean_Architecture/internal/book.(*repository).FindAll()" file="postgresql.go 47"
time="2023-06-01T15:54:23+03:00" level=info msg="{b2c048d6-d939-451a-8d8b-559db158897e Book1 [{78d19e5b-1280-4f9a-8e6a-176eed7086d5 Vasya}]}" func="main.main()" file="main.go 38"
time="2023-06-01T15:54:23+03:00" level=info msg="{5dc2d424-9c62-4259-96d1-da670dd52761 Book2 [{08d2ef86-edf0-4361-8742-11fa9acea942 Alex} {3f749155-1f75-408d-a0a4-37dbff42c1cb Danil}]}" func="main.main()" file="main.go 38"
time="2023-06-01T15:54:23+03:00" level=info msg="Register user handler" func="main.main()" file="main.go 41"
time="2023-06-01T15:54:23+03:00" level=info msg="Start application" func="main.start()" file="main.go 50"
time="2023-06-01T15:54:23+03:00" level=info msg="Listen TCP" func="main.start()" file="main.go 54"
time="2023-06-01T15:54:23+03:00" level=info msg="Server is listening port :10000" func="main.start()" file="main.go 56"
time="2023-06-01T15:57:01+03:00" level=info msg="Create router" func="main.main()" file="main.go 20"
time="2023-06-01T15:57:01+03:00" level=info msg="Register authors handler" func="main.main()" file="main.go 30"
time="2023-06-01T15:57:01+03:00" level=info msg="Register user handler" func="main.main()" file="main.go 34"
time="2023-06-01T15:57:01+03:00" level=info msg="Start application" func="main.start()" file="main.go 43"
time="2023-06-01T15:57:01+03:00" level=info msg="Listen TCP" func="main.start()" file="main.go 47"
time="2023-06-01T15:57:01+03:00" level=info msg="Server is listening port :10000" func="main.start()" file="main.go 49"
time="2023-06-01T16:04:03+03:00" level=info msg="Create router" func="main.main()" file="main.go 20"
time="2023-06-01T16:04:03+03:00" level=info msg="Register authors handler" func="main.main()" file="main.go 30"
time="2023-06-01T16:04:03+03:00" level=info msg="Register user handler" func="main.main()" file="main.go 36"
time="2023-06-01T16:04:03+03:00" level=info msg="Start application" func="main.start()" file="main.go 45"
time="2023-06-01T16:04:03+03:00" level=info msg="Listen TCP" func="main.start()" file="main.go 49"
time="2023-06-01T16:04:03+03:00" level=info msg="Server is listening port :10000" func="main.start()" file="main.go 51"
time="2023-06-01T16:04:07+03:00" level=trace msg="SQL Query:    SELECT id, name    FROM public.author  " func="github.com/alexPavlikov/REST-API_Clean_Architecture/internal/author.(*repository).FindAll()" file="postgresql.go 53"
time="2023-06-01T16:04:07+03:00" level=trace msg="SQL Query:    SELECT id, name    FROM public.author  " func="github.com/alexPavlikov/REST-API_Clean_Architecture/internal/author.(*repository).FindAll()" file="postgresql.go 53"
time="2023-06-01T16:04:08+03:00" level=trace msg="SQL Query:    SELECT id, name    FROM public.author  " func="github.com/alexPavlikov/REST-API_Clean_Architecture/internal/author.(*repository).FindAll()" file="postgresql.go 53"
time="2023-06-01T16:04:08+03:00" level=trace msg="SQL Query:    SELECT id, name    FROM public.author  " func="github.com/alexPavlikov/REST-API_Clean_Architecture/internal/author.(*repository).FindAll()" file="postgresql.go 53"
time="2023-06-01T16:04:08+03:00" level=trace msg="SQL Query:    SELECT id, name    FROM public.author  " func="github.com/alexPavlikov/REST-API_Clean_Architecture/internal/author.(*repository).FindAll()" file="postgresql.go 53"
time="2023-06-01T16:31:45+03:00" level=info msg="Create router" func="main.main()" file="main.go 19"
time="2023-06-01T16:31:45+03:00" level=info msg="Register authors handler" func="main.main()" file="main.go 29"
time="2023-06-01T16:31:45+03:00" level=info msg="Start application" func="main.start()" file="main.go 44"
time="2023-06-01T16:31:45+03:00" level=info msg="Listen TCP" func="main.start()" file="main.go 48"
time="2023-06-01T16:31:45+03:00" level=info msg="Server is listening port :10000" func="main.start()" file="main.go 50"
time="2023-06-01T16:31:53+03:00" level=trace msg="SQL Query:    SELECT id, name    FROM public.author  " func="github.com/alexPavlikov/REST-API_Clean_Architecture/internal/author.(*repository).FindAll()" file="postgresql.go 53"
time="2023-06-01T16:31:53+03:00" level=trace msg="SQL Query:    SELECT id, name    FROM public.author  " func="github.com/alexPavlikov/REST-API_Clean_Architecture/internal/author.(*repository).FindAll()" file="postgresql.go 53"
time="2023-06-01T16:31:53+03:00" level=trace msg="SQL Query:    SELECT id, name    FROM public.author  " func="github.com/alexPavlikov/REST-API_Clean_Architecture/internal/author.(*repository).FindAll()" file="postgresql.go 53"
time="2023-06-01T16:31:54+03:00" level=trace msg="SQL Query:    SELECT id, name    FROM public.author  " func="github.com/alexPavlikov/REST-API_Clean_Architecture/internal/author.(*repository).FindAll()" file="postgresql.go 53"
time="2023-06-01T16:31:54+03:00" level=trace msg="SQL Query:    SELECT id, name    FROM public.author  " func="github.com/alexPavlikov/REST-API_Clean_Architecture/internal/author.(*repository).FindAll()" file="postgresql.go 53"
time="2023-06-01T17:22:11+03:00" level=info msg="Create router" func="main.main()" file="main.go 19"
time="2023-06-01T17:22:11+03:00" level=info msg="Register authors handler" func="main.main()" file="main.go 29"
time="2023-06-01T17:22:11+03:00" level=info msg="Start application" func="main.start()" file="main.go 44"
time="2023-06-01T17:22:11+03:00" level=info msg="Listen TCP" func="main.start()" file="main.go 48"
time="2023-06-01T17:22:11+03:00" level=info msg="Server is listening port :10000" func="main.start()" file="main.go 50"
time="2023-06-01T17:22:16+03:00" level=trace msg="SQL Query:    SELECT id, name    FROM public.author  " func="github.com/alexPavlikov/REST-API_Clean_Architecture/internal/author.(*repository).FindAll()" file="postgresql.go 53"
time="2023-06-01T17:40:23+03:00" level=info msg="Create router" func="main.main()" file="main.go 19"
time="2023-06-01T17:40:23+03:00" level=info msg="Register authors handler" func="main.main()" file="main.go 29"
time="2023-06-01T17:40:23+03:00" level=info msg="Start application" func="main.start()" file="main.go 44"
time="2023-06-01T17:40:23+03:00" level=info msg="Listen TCP" func="main.start()" file="main.go 48"
time="2023-06-01T17:40:23+03:00" level=info msg="Server is listening port :10000" func="main.start()" file="main.go 50"
time="2023-06-01T17:40:25+03:00" level=trace msg="SQL Query:    SELECT id, name    FROM public.author  " func="github.com/alexPavlikov/REST-API_Clean_Architecture/internal/author.(*repository).FindAll()" file="postgresql.go 53"
time="2023-06-01T18:20:36+03:00" level=info msg="Create router" func="main.main()" file="main.go 19"
time="2023-06-01T18:20:36+03:00" level=info msg="Register authors handler" func="main.main()" file="main.go 29"
time="2023-06-01T18:20:36+03:00" level=info msg="Start application" func="main.start()" file="main.go 44"
time="2023-06-01T18:20:36+03:00" level=info msg="Listen TCP" func="main.start()" file="main.go 48"
time="2023-06-01T18:20:36+03:00" level=info msg="Server is listening port :10000" func="main.start()" file="main.go 50"
time="2023-06-01T18:20:53+03:00" level=trace msg="SQL Query:    SELECT id, name     FROM public.author   WHERE id = $1  " func="github.com/alexPavlikov/REST-API_Clean_Architecture/internal/author.(*repository).FindOne()" file="postgresql.go 81"
time="2023-06-01T18:20:58+03:00" level=trace msg="SQL Query:    SELECT id, name     FROM public.author   WHERE id = $1  " func="github.com/alexPavlikov/REST-API_Clean_Architecture/internal/author.(*repository).FindOne()" file="postgresql.go 81"
time="2023-06-01T18:21:08+03:00" level=trace msg="SQL Query:    SELECT id, name     FROM public.author   WHERE id = $1  " func="github.com/alexPavlikov/REST-API_Clean_Architecture/internal/author.(*repository).FindOne()" file="postgresql.go 81"
time="2023-06-01T18:21:29+03:00" level=trace msg="SQL Query:    SELECT id, name    FROM public.author  " func="github.com/alexPavlikov/REST-API_Clean_Architecture/internal/author.(*repository).FindAll()" file="postgresql.go 53"
time="2023-06-01T18:41:36+03:00" level=info msg="Create router" func="main.main()" file="main.go 19"
time="2023-06-01T18:41:36+03:00" level=info msg="Register authors handler" func="main.main()" file="main.go 29"
time="2023-06-01T18:42:00+03:00" level=info msg="Create router" func="main.main()" file="main.go 19"
time="2023-06-01T18:42:00+03:00" level=info msg="Register authors handler" func="main.main()" file="main.go 29"
time="2023-06-01T18:42:24+03:00" level=info msg="Create router" func="main.main()" file="main.go 19"
time="2023-06-01T18:42:24+03:00" level=info msg="Register authors handler" func="main.main()" file="main.go 29"
time="2023-06-01T18:42:49+03:00" level=info msg="Create router" func="main.main()" file="main.go 19"
time="2023-06-01T18:42:49+03:00" level=info msg="Register authors handler" func="main.main()" file="main.go 29"
time="2023-06-01T18:42:49+03:00" level=info msg="Start application" func="main.start()" file="main.go 44"
time="2023-06-01T18:42:49+03:00" level=info msg="Listen TCP" func="main.start()" file="main.go 48"
time="2023-06-01T18:42:49+03:00" level=info msg="Server is listening port :10000" func="main.start()" file="main.go 50"
time="2023-06-01T18:43:30+03:00" level=info msg="Create router" func="main.main()" file="main.go 19"
time="2023-06-01T18:43:30+03:00" level=info msg="Register authors handler" func="main.main()" file="main.go 29"
time="2023-06-01T18:43:30+03:00" level=info msg="Start application" func="main.start()" file="main.go 44"
time="2023-06-01T18:43:30+03:00" level=info msg="Listen TCP" func="main.start()" file="main.go 48"
time="2023-06-01T18:43:30+03:00" level=info msg="Server is listening port :10000" func="main.start()" file="main.go 50"
time="2023-06-01T18:44:39+03:00" level=info msg="Create router" func="main.main()" file="main.go 19"
time="2023-06-01T18:44:39+03:00" level=info msg="Register authors handler" func="main.main()" file="main.go 29"
time="2023-06-01T18:44:39+03:00" level=info msg="Start application" func="main.start()" file="main.go 44"
time="2023-06-01T18:44:39+03:00" level=info msg="Listen TCP" func="main.start()" file="main.go 48"
time="2023-06-01T18:44:39+03:00" level=info msg="Server is listening port :10000" func="main.start()" file="main.go 50"
time="2023-06-01T18:44:43+03:00" level=trace msg="SQL Query:   INSERT INTO public.author    (name)   VALUES    ($1)   RETURNING id  " func="github.com/alexPavlikov/REST-API_Clean_Architecture/internal/author.(*repository).Create()" file="postgresql.go 32"
time="2023-06-01T18:47:12+03:00" level=info msg="Create router" func="main.main()" file="main.go 19"
time="2023-06-01T18:47:12+03:00" level=info msg="Register authors handler" func="main.main()" file="main.go 29"
time="2023-06-01T18:47:12+03:00" level=info msg="Start application" func="main.start()" file="main.go 44"
time="2023-06-01T18:47:12+03:00" level=info msg="Listen TCP" func="main.start()" file="main.go 48"
time="2023-06-01T18:47:12+03:00" level=info msg="Server is listening port :10000" func="main.start()" file="main.go 50"
time="2023-06-01T19:32:40+03:00" level=info msg="Create router" func="main.main()" file="main.go 19"
time="2023-06-01T19:32:40+03:00" level=info msg="Register authors handler" func="main.main()" file="main.go 29"
time="2023-06-01T19:32:40+03:00" level=info msg="Start application" func="main.start()" file="main.go 44"
time="2023-06-01T19:32:40+03:00" level=info msg="Listen TCP" func="main.start()" file="main.go 48"
time="2023-06-01T19:32:40+03:00" level=info msg="Server is listening port :10000" func="main.start()" file="main.go 50"
time="2023-06-01T19:32:47+03:00" level=trace msg="SQL Query:    SELECT     id, name    FROM     public.author  " func="github.com/alexPavlikov/REST-API_Clean_Architecture/internal/author.(*repository).FindAll()" file="postgresql.go 59"
time="2023-06-01T19:32:55+03:00" level=trace msg="SQL Query:    SELECT id, name     FROM public.author   WHERE id = $1  " func="github.com/alexPavlikov/REST-API_Clean_Architecture/internal/author.(*repository).FindOne()" file="postgresql.go 89"
time="2023-06-01T19:33:09+03:00" level=trace msg="SQL Query:    SELECT id, name     FROM public.author   WHERE id = $1  " func="github.com/alexPavlikov/REST-API_Clean_Architecture/internal/author.(*repository).FindOne()" file="postgresql.go 89"
time="2023-06-01T19:33:17+03:00" level=trace msg="SQL Query:    SELECT id, name     FROM public.author   WHERE id = $1  " func="github.com/alexPavlikov/REST-API_Clean_Architecture/internal/author.(*repository).FindOne()" file="postgresql.go 89"
time="2023-06-02T17:29:51+03:00" level=info msg="Create router" func="main.main()" file="main.go 20"
time="2023-06-02T17:29:51+03:00" level=info msg="Register authors handler" func="main.main()" file="main.go 30"
time="2023-06-02T17:29:51+03:00" level=info msg="Register users handler" func="main.main()" file="main.go 36"
time="2023-06-02T17:29:51+03:00" level=info msg="Start application" func="main.start()" file="main.go 47"
time="2023-06-02T17:29:51+03:00" level=info msg="Listen TCP" func="main.start()" file="main.go 51"
time="2023-06-02T17:29:51+03:00" level=info msg="Server is listening port :10000" func="main.start()" file="main.go 53"
time="2023-06-02T17:30:06+03:00" level=trace msg="SQL Query:    SELECT id, name     FROM public.author   WHERE id = $1  " func="github.com/alexPavlikov/REST-API_Clean_Architecture/internal/author.(*repository).FindOne()" file="postgresql.go 89"
time="2023-06-02T17:30:12+03:00" level=trace msg="SQL Query:    SELECT     id, name    FROM     public.author  " func="github.com/alexPavlikov/REST-API_Clean_Architecture/internal/author.(*repository).FindAll()" file="postgresql.go 59"
time="2023-06-02T17:30:18+03:00" level=trace msg="SQL Query:    SELECT id, name     FROM public.author   WHERE id = $1  " func="github.com/alexPavlikov/REST-API_Clean_Architecture/internal/author.(*repository).FindOne()" file="postgresql.go 89"
time="2023-06-02T17:30:25+03:00" level=trace msg="SQL Query:   SELECT   id, firstname, lastname, age, email, password  FROM   public.user  " func="github.com/alexPavlikov/REST-API_Clean_Architecture/internal/user.(*repository).FindAll()" file="postgres.go 58"
time="2023-06-02T17:31:06+03:00" level=trace msg="SQL Query:   SELECT   id, firstname, lastname, age, email, password  FROM   public.user  WHERE id = $1   " func="github.com/alexPavlikov/REST-API_Clean_Architecture/internal/user.(*repository).FindOne()" file="postgres.go 88"
time="2023-06-02T17:39:43+03:00" level=info msg="Create router" func="main.main()" file="main.go 20"
time="2023-06-02T17:39:43+03:00" level=info msg="Register authors handler" func="main.main()" file="main.go 30"
time="2023-06-02T17:39:43+03:00" level=info msg="Register users handler" func="main.main()" file="main.go 36"
time="2023-06-02T17:39:43+03:00" level=info msg="Start application" func="main.start()" file="main.go 47"
time="2023-06-02T17:39:43+03:00" level=info msg="Listen TCP" func="main.start()" file="main.go 51"
time="2023-06-02T17:39:43+03:00" level=info msg="Server is listening port :10000" func="main.start()" file="main.go 53"
time="2023-06-02T17:39:53+03:00" level=trace msg="SQL Query:   SELECT   id, firstname, lastname, age, email, password_hash  FROM   public.user  WHERE id = $1   " func="github.com/alexPavlikov/REST-API_Clean_Architecture/internal/user.(*repository).FindOne()" file="postgres.go 88"
time="2023-06-02T17:40:13+03:00" level=trace msg="SQL Query:    SELECT     id, name    FROM     public.author  " func="github.com/alexPavlikov/REST-API_Clean_Architecture/internal/author.(*repository).FindAll()" file="postgresql.go 59"
time="2023-06-02T17:40:20+03:00" level=trace msg="SQL Query:   SELECT   id, firstname, lastname, age, email, password_hash  FROM   public.user  WHERE id = $1   " func="github.com/alexPavlikov/REST-API_Clean_Architecture/internal/user.(*repository).FindOne()" file="postgres.go 88"
time="2023-06-02T17:41:31+03:00" level=info msg="Create router" func="main.main()" file="main.go 20"
time="2023-06-02T17:41:31+03:00" level=info msg="Register authors handler" func="main.main()" file="main.go 30"
time="2023-06-02T17:41:31+03:00" level=info msg="Register users handler" func="main.main()" file="main.go 36"
time="2023-06-02T17:41:31+03:00" level=info msg="Start application" func="main.start()" file="main.go 47"
time="2023-06-02T17:41:31+03:00" level=info msg="Listen TCP" func="main.start()" file="main.go 51"
time="2023-06-02T17:41:31+03:00" level=info msg="Server is listening port :10000" func="main.start()" file="main.go 53"
time="2023-06-02T17:41:33+03:00" level=trace msg="SQL Query:   SELECT   id, firstname, lastname, age, email, password_hash  FROM   public.user  WHERE id = ($1)   " func="github.com/alexPavlikov/REST-API_Clean_Architecture/internal/user.(*repository).FindOne()" file="postgres.go 88"
time="2023-06-02T17:44:04+03:00" level=info msg="Create router" func="main.main()" file="main.go 20"
time="2023-06-02T17:44:04+03:00" level=info msg="Register authors handler" func="main.main()" file="main.go 30"
time="2023-06-02T17:44:04+03:00" level=info msg="Register users handler" func="main.main()" file="main.go 36"
time="2023-06-02T17:44:04+03:00" level=info msg="Start application" func="main.start()" file="main.go 47"
time="2023-06-02T17:44:04+03:00" level=info msg="Listen TCP" func="main.start()" file="main.go 51"
time="2023-06-02T17:44:04+03:00" level=info msg="Server is listening port :10000" func="main.start()" file="main.go 53"
time="2023-06-02T17:44:06+03:00" level=trace msg="SQL Query:   SELECT   id, firstname, lastname, age, email, password_hash  FROM   public.user  WHERE id = ($1)   " func="github.com/alexPavlikov/REST-API_Clean_Architecture/internal/user.(*repository).FindOne()" file="postgres.go 88"
time="2023-06-02T17:44:07+03:00" level=trace msg="SQL Query:   SELECT   id, firstname, lastname, age, email, password_hash  FROM   public.user  WHERE id = ($1)   " func="github.com/alexPavlikov/REST-API_Clean_Architecture/internal/user.(*repository).FindOne()" file="postgres.go 88"
time="2023-06-02T17:44:29+03:00" level=trace msg="SQL Query:   SELECT   id, firstname, lastname, age, email, password_hash  FROM   public.user  " func="github.com/alexPavlikov/REST-API_Clean_Architecture/internal/user.(*repository).FindAll()" file="postgres.go 58"
time="2023-06-02T17:44:35+03:00" level=trace msg="SQL Query:   SELECT   id, firstname, lastname, age, email, password_hash  FROM   public.user  WHERE id = ($1)   " func="github.com/alexPavlikov/REST-API_Clean_Architecture/internal/user.(*repository).FindOne()" file="postgres.go 88"
time="2023-06-02T17:44:45+03:00" level=trace msg="SQL Query:   SELECT   id, firstname, lastname, age, email, password_hash  FROM   public.user  WHERE id = ($1)   " func="github.com/alexPavlikov/REST-API_Clean_Architecture/internal/user.(*repository).FindOne()" file="postgres.go 88"
time="2023-06-02T17:47:08+03:00" level=info msg="Create router" func="main.main()" file="main.go 20"
time="2023-06-02T17:47:08+03:00" level=info msg="Register authors handler" func="main.main()" file="main.go 30"
time="2023-06-02T17:47:08+03:00" level=info msg="Register users handler" func="main.main()" file="main.go 36"
time="2023-06-02T17:47:08+03:00" level=info msg="Start application" func="main.start()" file="main.go 47"
time="2023-06-02T17:47:08+03:00" level=info msg="Listen TCP" func="main.start()" file="main.go 51"
time="2023-06-02T17:47:08+03:00" level=info msg="Server is listening port :10000" func="main.start()" file="main.go 53"
time="2023-06-02T17:47:12+03:00" level=trace msg="SQL Query:   SELECT   id, firstname, lastname, age, email, password_hash  FROM   public.user  WHERE id = $1   " func="github.com/alexPavlikov/REST-API_Clean_Architecture/internal/user.(*repository).FindOne()" file="postgres.go 88"
time="2023-06-02T17:47:50+03:00" level=info msg="Create router" func="main.main()" file="main.go 19"
time="2023-06-02T17:47:50+03:00" level=info msg="Register users handler" func="main.main()" file="main.go 35"
time="2023-06-02T17:47:50+03:00" level=info msg="Start application" func="main.start()" file="main.go 46"
time="2023-06-02T17:47:50+03:00" level=info msg="Listen TCP" func="main.start()" file="main.go 50"
time="2023-06-02T17:47:50+03:00" level=info msg="Server is listening port :10000" func="main.start()" file="main.go 52"
time="2023-06-02T17:47:53+03:00" level=trace msg="SQL Query:   SELECT   id, firstname, lastname, age, email, password_hash  FROM   public.user  WHERE id = $1   " func="github.com/alexPavlikov/REST-API_Clean_Architecture/internal/user.(*repository).FindOne()" file="postgres.go 88"
time="2023-06-02T17:49:17+03:00" level=info msg="Create router" func="main.main()" file="main.go 19"
time="2023-06-02T17:49:17+03:00" level=info msg="Register users handler" func="main.main()" file="main.go 35"
time="2023-06-02T17:49:17+03:00" level=info msg="Start application" func="main.start()" file="main.go 46"
time="2023-06-02T17:49:17+03:00" level=info msg="Listen TCP" func="main.start()" file="main.go 50"
time="2023-06-02T17:49:17+03:00" level=info msg="Server is listening port :10000" func="main.start()" file="main.go 52"
time="2023-06-02T17:49:19+03:00" level=trace msg="SQL Query:   SELECT   id, firstname, lastname, age, email, password_hash  FROM   public.user  WHERE id = $1   " func="github.com/alexPavlikov/REST-API_Clean_Architecture/internal/user.(*repository).FindOne()" file="postgres.go 88"
time="2023-06-02T17:52:06+03:00" level=info msg="Create router" func="main.main()" file="main.go 19"
time="2023-06-02T17:52:06+03:00" level=info msg="Register users handler" func="main.main()" file="main.go 35"
time="2023-06-02T17:52:06+03:00" level=info msg="Start application" func="main.start()" file="main.go 46"
time="2023-06-02T17:52:06+03:00" level=info msg="Listen TCP" func="main.start()" file="main.go 50"
time="2023-06-02T17:52:06+03:00" level=info msg="Server is listening port :10000" func="main.start()" file="main.go 52"
time="2023-06-02T17:52:11+03:00" level=trace msg="SQL Query:   SELECT   id, firstname, lastname, age, email, password_hash  FROM   public.user  WHERE id = $1   " func="github.com/alexPavlikov/REST-API_Clean_Architecture/internal/user.(*repository).FindOne()" file="postgres.go 88"
time="2023-06-02T17:52:48+03:00" level=info msg="Create router" func="main.main()" file="main.go 19"
time="2023-06-02T17:52:48+03:00" level=info msg="Register users handler" func="main.main()" file="main.go 35"
time="2023-06-02T17:52:48+03:00" level=info msg="Start application" func="main.start()" file="main.go 46"
time="2023-06-02T17:52:48+03:00" level=info msg="Listen TCP" func="main.start()" file="main.go 50"
time="2023-06-02T17:52:48+03:00" level=info msg="Server is listening port :10000" func="main.start()" file="main.go 52"
time="2023-06-02T17:52:50+03:00" level=trace msg="SQL Query:   SELECT   *  FROM   public.user  WHERE id = $1   " func="github.com/alexPavlikov/REST-API_Clean_Architecture/internal/user.(*repository).FindOne()" file="postgres.go 88"
time="2023-06-02T17:54:46+03:00" level=info msg="Create router" func="main.main()" file="main.go 19"
time="2023-06-02T17:54:46+03:00" level=info msg="Register users handler" func="main.main()" file="main.go 35"
time="2023-06-02T17:54:46+03:00" level=info msg="Start application" func="main.start()" file="main.go 46"
time="2023-06-02T17:54:46+03:00" level=info msg="Listen TCP" func="main.start()" file="main.go 50"
time="2023-06-02T17:54:46+03:00" level=info msg="Server is listening port :10000" func="main.start()" file="main.go 52"
time="2023-06-02T17:54:48+03:00" level=trace msg="SQL Query:   SELECT   firstname, lastname, age, email, password_hash  FROM   public.user  WHERE id = $1   " func="github.com/alexPavlikov/REST-API_Clean_Architecture/internal/user.(*repository).FindOne()" file="postgres.go 88"
time="2023-06-02T17:55:38+03:00" level=info msg="Create router" func="main.main()" file="main.go 19"
time="2023-06-02T17:55:38+03:00" level=info msg="Register users handler" func="main.main()" file="main.go 35"
time="2023-06-02T17:55:38+03:00" level=info msg="Start application" func="main.start()" file="main.go 46"
time="2023-06-02T17:55:38+03:00" level=info msg="Listen TCP" func="main.start()" file="main.go 50"
time="2023-06-02T17:55:38+03:00" level=info msg="Server is listening port :10000" func="main.start()" file="main.go 52"
time="2023-06-02T17:55:41+03:00" level=trace msg="SQL Query:   SELECT   \"id\", firstname, lastname, age, email, password_hash  FROM   public.user  WHERE id = $1   " func="github.com/alexPavlikov/REST-API_Clean_Architecture/internal/user.(*repository).FindOne()" file="postgres.go 88"
time="2023-06-02T17:59:30+03:00" level=info msg="Create router" func="main.main()" file="main.go 19"
time="2023-06-02T17:59:30+03:00" level=info msg="Register users handler" func="main.main()" file="main.go 35"
time="2023-06-02T17:59:30+03:00" level=info msg="Start application" func="main.start()" file="main.go 46"
time="2023-06-02T17:59:30+03:00" level=info msg="Listen TCP" func="main.start()" file="main.go 50"
time="2023-06-02T17:59:30+03:00" level=info msg="Server is listening port :10000" func="main.start()" file="main.go 52"
time="2023-06-02T17:59:31+03:00" level=trace msg="SQL Query:   SELECT   id, firstname, lastname, age, email, password_hash  FROM   public.user  WHERE id = $1   " func="github.com/alexPavlikov/REST-API_Clean_Architecture/internal/user.(*repository).FindOne()" file="postgres.go 88"
time="2023-06-03T13:47:50+03:00" level=info msg="Create router" func="main.main()" file="main.go 21"
time="2023-06-03T13:47:50+03:00" level=info msg="Register authors handler" func="main.main()" file="main.go 31"
time="2023-06-03T13:47:50+03:00" level=info msg="Register users handler" func="main.main()" file="main.go 37"
time="2023-06-03T13:47:50+03:00" level=info msg="Register workers handler" func="main.main()" file="main.go 43"
time="2023-06-03T13:47:50+03:00" level=info msg="Start application" func="main.start()" file="main.go 54"
time="2023-06-03T13:47:50+03:00" level=info msg="Listen TCP" func="main.start()" file="main.go 58"
time="2023-06-03T13:47:50+03:00" level=info msg="Server is listening port :10000" func="main.start()" file="main.go 60"
time="2023-06-03T13:48:07+03:00" level=trace msg="SQL Query:   SELECT   id, firstname, lastname, age, email, password_hash  FROM   public.user  " func="github.com/alexPavlikov/REST-API_Clean_Architecture/internal/user.(*repository).FindAll()" file="postgres.go 58"
time="2023-06-03T13:48:12+03:00" level=trace msg="SQL Query:   SELECT   id, firstname, lastname, age, email, password_hash  FROM   public.user  WHERE id = $1   " func="github.com/alexPavlikov/REST-API_Clean_Architecture/internal/user.(*repository).FindOne()" file="postgres.go 88"
time="2023-06-03T13:48:27+03:00" level=trace msg="SQL Query:    SELECT     id, name    FROM     public.author  " func="github.com/alexPavlikov/REST-API_Clean_Architecture/internal/author.(*repository).FindAll()" file="postgresql.go 59"
time="2023-06-03T13:51:36+03:00" level=trace msg="SQL Query:    SELECT     id, name    FROM     public.author   WHERE     id = $1  " func="github.com/alexPavlikov/REST-API_Clean_Architecture/internal/author.(*repository).FindOne()" file="postgresql.go 92"
time="2023-06-03T13:51:39+03:00" level=trace msg="SQL Query:    SELECT     id, name    FROM     public.author   WHERE     id = $1  " func="github.com/alexPavlikov/REST-API_Clean_Architecture/internal/author.(*repository).FindOne()" file="postgresql.go 92"
time="2023-06-03T13:51:48+03:00" level=trace msg="SQL Query:   SELECT    id, firstname, lastname, age, experiens, number, address, email, password_hash  FROM    public.worker  WHERE    id = $1  " func="github.com/alexPavlikov/REST-API_Clean_Architecture/internal/worker.(*repository).FindOne()" file="postgresql.go 99"
time="2023-06-03T13:52:19+03:00" level=info msg="Create router" func="main.main()" file="main.go 21"
time="2023-06-03T13:52:19+03:00" level=info msg="Register authors handler" func="main.main()" file="main.go 31"
time="2023-06-03T13:52:19+03:00" level=info msg="Register users handler" func="main.main()" file="main.go 37"
time="2023-06-03T13:52:19+03:00" level=info msg="Register workers handler" func="main.main()" file="main.go 43"
time="2023-06-03T13:52:19+03:00" level=info msg="Start application" func="main.start()" file="main.go 54"
time="2023-06-03T13:52:19+03:00" level=info msg="Listen TCP" func="main.start()" file="main.go 58"
time="2023-06-03T13:52:19+03:00" level=info msg="Server is listening port :10000" func="main.start()" file="main.go 60"
time="2023-06-03T13:52:21+03:00" level=trace msg="SQL Query: \n\tSELECT \n\t\tid, firstname, lastname, age, experiens, number, address, email, password_hash\n\tFROM \n\t\tpublic.worker\n\t" func="github.com/alexPavlikov/REST-API_Clean_Architecture/internal/worker.(*repository).FindAll()" file="postgresql.go 67"
time="2023-06-03T13:59:23+03:00" level=trace msg="SQL Query: \n\tSELECT \n\t\tid, firstname, lastname, age, experiens, number, address, email, password_hash\n\tFROM \n\t\tpublic.worker\n\t" func="github.com/alexPavlikov/REST-API_Clean_Architecture/internal/worker.(*repository).FindAll()" file="postgresql.go 67"
time="2023-06-03T14:00:45+03:00" level=info msg="Create router" func="main.main()" file="main.go 21"
time="2023-06-03T14:00:45+03:00" level=info msg="Register authors handler" func="main.main()" file="main.go 31"
time="2023-06-03T14:00:45+03:00" level=info msg="Register users handler" func="main.main()" file="main.go 37"
time="2023-06-03T14:00:45+03:00" level=info msg="Register workers handler" func="main.main()" file="main.go 43"
time="2023-06-03T14:00:45+03:00" level=info msg="Start application" func="main.start()" file="main.go 60"
time="2023-06-03T14:00:45+03:00" level=info msg="Listen TCP" func="main.start()" file="main.go 64"
time="2023-06-03T14:00:45+03:00" level=info msg="Server is listening port :10000" func="main.start()" file="main.go 66"
time="2023-06-03T14:02:28+03:00" level=trace msg="SQL Query:   SELECT    id, firstname, lastname, age, experiens, number, address, email, password_hash  FROM    public.worker  " func="github.com/alexPavlikov/REST-API_Clean_Architecture/internal/worker.(*repository).FindAll()" file="postgresql.go 67"
time="2023-06-03T14:07:22+03:00" level=info msg="Create router" func="main.main()" file="main.go 21"
time="2023-06-03T14:07:22+03:00" level=info msg="Register authors handler" func="main.main()" file="main.go 31"
time="2023-06-03T14:07:22+03:00" level=info msg="Register users handler" func="main.main()" file="main.go 37"
time="2023-06-03T14:07:22+03:00" level=info msg="Register workers handler" func="main.main()" file="main.go 43"
time="2023-06-03T14:07:22+03:00" level=info msg="Start application" func="main.start()" file="main.go 60"
time="2023-06-03T14:07:22+03:00" level=info msg="Listen TCP" func="main.start()" file="main.go 64"
time="2023-06-03T14:07:22+03:00" level=info msg="Server is listening port :10000" func="main.start()" file="main.go 66"
time="2023-06-03T14:07:27+03:00" level=trace msg="SQL Query:   SELECT    id, firstname, lastname, age, experiens, number, address, email, password_hash  FROM    public.worker  WHERE    id = $1  " func="github.com/alexPavlikov/REST-API_Clean_Architecture/internal/worker.(*repository).FindOne()" file="postgresql.go 99"
time="2023-06-03T14:07:34+03:00" level=trace msg="SQL Query:   SELECT    id, firstname, lastname, age, experiens, number, address, email, password_hash  FROM    public.worker  " func="github.com/alexPavlikov/REST-API_Clean_Architecture/internal/worker.(*repository).FindAll()" file="postgresql.go 67"
time="2023-06-03T15:23:29+03:00" level=info msg="Create router" func="main.main()" file="main.go 22"
time="2023-06-03T15:23:29+03:00" level=info msg="Register authors handler" func="main.main()" file="main.go 32"
time="2023-06-03T15:23:29+03:00" level=info msg="Register users handler" func="main.main()" file="main.go 38"
time="2023-06-03T15:23:29+03:00" level=info msg="Register workers handler" func="main.main()" file="main.go 44"
time="2023-06-03T15:23:29+03:00" level=info msg="Register book handler" func="main.main()" file="main.go 50"
time="2023-06-03T15:23:29+03:00" level=info msg="Start application" func="main.start()" file="main.go 61"
time="2023-06-03T15:23:29+03:00" level=info msg="Listen TCP" func="main.start()" file="main.go 65"
time="2023-06-03T15:23:29+03:00" level=info msg="Server is listening port :10000" func="main.start()" file="main.go 67"
time="2023-06-03T15:23:55+03:00" level=trace msg="SQL Query:   SELECT    id, firstname, lastname, age, experiens, number, address, email, password_hash  FROM    public.worker  WHERE    id = $1  " func="github.com/alexPavlikov/REST-API_Clean_Architecture/internal/worker.(*repository).FindOne()" file="postgresql.go 99"
time="2023-06-03T15:23:59+03:00" level=trace msg="SQL Query:   SELECT    id, firstname, lastname, age, experiens, number, address, email, password_hash  FROM    public.worker  " func="github.com/alexPavlikov/REST-API_Clean_Architecture/internal/worker.(*repository).FindAll()" file="postgresql.go 67"
time="2023-06-03T15:24:03+03:00" level=trace msg="SQL Query:    SELECT id, name    FROM public.book  " func="github.com/alexPavlikov/REST-API_Clean_Architecture/internal/book.(*repository).FindAll()" file="postgresql.go 105"
time="2023-06-03T15:24:20+03:00" level=trace msg="SQL Query:   SELECT    id, name, author  FROM    public.book  WHERE    id = $1  " func="github.com/alexPavlikov/REST-API_Clean_Architecture/internal/book.(*repository).FindOne()" file="postgresql.go 68"
time="2023-06-03T15:26:12+03:00" level=info msg="Create router" func="main.main()" file="main.go 22"
time="2023-06-03T15:26:13+03:00" level=info msg="Register authors handler" func="main.main()" file="main.go 32"
time="2023-06-03T15:26:13+03:00" level=info msg="Register users handler" func="main.main()" file="main.go 38"
time="2023-06-03T15:26:13+03:00" level=info msg="Register workers handler" func="main.main()" file="main.go 44"
time="2023-06-03T15:26:13+03:00" level=info msg="Register book handler" func="main.main()" file="main.go 50"
time="2023-06-03T15:26:13+03:00" level=info msg="Start application" func="main.start()" file="main.go 61"
time="2023-06-03T15:26:13+03:00" level=info msg="Listen TCP" func="main.start()" file="main.go 65"
time="2023-06-03T15:26:13+03:00" level=info msg="Server is listening port :10000" func="main.start()" file="main.go 67"
time="2023-06-03T15:26:15+03:00" level=trace msg="SQL Query:   SELECT    id, name, author  FROM    public.book  WHERE    id = $1  " func="github.com/alexPavlikov/REST-API_Clean_Architecture/internal/book.(*repository).FindOne()" file="postgresql.go 68"
time="2023-06-03T15:26:23+03:00" level=trace msg="SQL Query:    SELECT id, name    FROM public.book  " func="github.com/alexPavlikov/REST-API_Clean_Architecture/internal/book.(*repository).FindAll()" file="postgresql.go 105"
time="2023-06-03T15:27:07+03:00" level=info msg="Create router" func="main.main()" file="main.go 22"
time="2023-06-03T15:27:07+03:00" level=info msg="Register authors handler" func="main.main()" file="main.go 32"
time="2023-06-03T15:27:07+03:00" level=info msg="Register users handler" func="main.main()" file="main.go 38"
time="2023-06-03T15:27:07+03:00" level=info msg="Register workers handler" func="main.main()" file="main.go 44"
time="2023-06-03T15:27:07+03:00" level=info msg="Register book handler" func="main.main()" file="main.go 50"
time="2023-06-03T15:27:07+03:00" level=info msg="Start application" func="main.start()" file="main.go 61"
time="2023-06-03T15:27:07+03:00" level=info msg="Listen TCP" func="main.start()" file="main.go 65"
time="2023-06-03T15:27:07+03:00" level=info msg="Server is listening port :10000" func="main.start()" file="main.go 67"
time="2023-06-03T15:27:09+03:00" level=trace msg="SQL Query:    SELECT id, name    FROM public.book  " func="github.com/alexPavlikov/REST-API_Clean_Architecture/internal/book.(*repository).FindAll()" file="postgresql.go 105"
time="2023-06-03T15:27:12+03:00" level=trace msg="SQL Query:   SELECT    id, name, author  FROM    public.book  WHERE    id = $1  " func="github.com/alexPavlikov/REST-API_Clean_Architecture/internal/book.(*repository).FindOne()" file="postgresql.go 68"
time="2023-06-03T15:32:58+03:00" level=info msg="Create router" func="main.main()" file="main.go 22"
time="2023-06-03T15:32:58+03:00" level=info msg="Register authors handler" func="main.main()" file="main.go 32"
time="2023-06-03T15:32:58+03:00" level=info msg="Register users handler" func="main.main()" file="main.go 38"
time="2023-06-03T15:32:58+03:00" level=info msg="Register workers handler" func="main.main()" file="main.go 44"
time="2023-06-03T15:32:58+03:00" level=info msg="Register book handler" func="main.main()" file="main.go 50"
time="2023-06-03T15:32:58+03:00" level=info msg="Start application" func="main.start()" file="main.go 61"
time="2023-06-03T15:32:58+03:00" level=info msg="Listen TCP" func="main.start()" file="main.go 65"
time="2023-06-03T15:32:58+03:00" level=info msg="Server is listening port :10000" func="main.start()" file="main.go 67"
time="2023-06-03T15:33:00+03:00" level=trace msg="SQL Query:   SELECT    id, name  FROM    public.book  WHERE    id = $1  " func="github.com/alexPavlikov/REST-API_Clean_Architecture/internal/book.(*repository).FindOne()" file="postgresql.go 68"
time="2023-06-03T15:34:25+03:00" level=info msg="Create router" func="main.main()" file="main.go 22"
time="2023-06-03T15:34:25+03:00" level=info msg="Register authors handler" func="main.main()" file="main.go 32"
time="2023-06-03T15:34:25+03:00" level=info msg="Register users handler" func="main.main()" file="main.go 38"
time="2023-06-03T15:34:25+03:00" level=info msg="Register workers handler" func="main.main()" file="main.go 44"
time="2023-06-03T15:34:25+03:00" level=info msg="Register book handler" func="main.main()" file="main.go 50"
time="2023-06-03T15:34:25+03:00" level=info msg="Start application" func="main.start()" file="main.go 61"
time="2023-06-03T15:34:25+03:00" level=info msg="Listen TCP" func="main.start()" file="main.go 65"
time="2023-06-03T15:34:25+03:00" level=info msg="Server is listening port :10000" func="main.start()" file="main.go 67"
time="2023-06-03T15:34:27+03:00" level=trace msg="SQL Query:   SELECT    id, name  FROM    public.book  WHERE    id = $1  " func="github.com/alexPavlikov/REST-API_Clean_Architecture/internal/book.(*repository).FindOne()" file="postgresql.go 68"
time="2023-06-03T17:19:42+03:00" level=info msg="Create router" func="main.main()" file="main.go 22"
time="2023-06-03T17:19:42+03:00" level=info msg="Register authors handler" func="main.main()" file="main.go 32"
time="2023-06-03T17:19:42+03:00" level=info msg="Register users handler" func="main.main()" file="main.go 38"
time="2023-06-03T17:19:42+03:00" level=info msg="Register workers handler" func="main.main()" file="main.go 44"
time="2023-06-03T17:19:42+03:00" level=info msg="Register book handler" func="main.main()" file="main.go 50"
time="2023-06-03T17:19:42+03:00" level=info msg="Start application" func="main.start()" file="main.go 61"
time="2023-06-03T17:19:42+03:00" level=info msg="Listen TCP" func="main.start()" file="main.go 65"
time="2023-06-03T17:19:42+03:00" level=info msg="Server is listening port :10000" func="main.start()" file="main.go 67"
time="2023-06-03T17:19:50+03:00" level=info msg="Create router" func="main.main()" file="main.go 22"
time="2023-06-03T17:19:50+03:00" level=info msg="Register authors handler" func="main.main()" file="main.go 32"
time="2023-06-03T17:19:50+03:00" level=info msg="Register users handler" func="main.main()" file="main.go 38"
time="2023-06-03T17:19:50+03:00" level=info msg="Register workers handler" func="main.main()" file="main.go 44"
time="2023-06-03T17:19:50+03:00" level=info msg="Register book handler" func="main.main()" file="main.go 50"
time="2023-06-03T17:19:50+03:00" level=info msg="Start application" func="main.start()" file="main.go 61"
time="2023-06-03T17:19:50+03:00" level=info msg="Listen TCP" func="main.start()" file="main.go 65"
time="2023-06-03T17:19:50+03:00" level=info msg="Server is listening port :10000" func="main.start()" file="main.go 67"
time="2023-06-03T17:20:04+03:00" level=trace msg="SQL Query:    SELECT id, name    FROM public.book  " func="github.com/alexPavlikov/REST-API_Clean_Architecture/internal/book.(*repository).FindAll()" file="postgresql.go 135"
time="2023-06-03T18:01:15+03:00" level=info msg="Create router" func="main.main()" file="main.go 22"
time="2023-06-03T18:01:15+03:00" level=info msg="Register authors handler" func="main.main()" file="main.go 32"
time="2023-06-03T18:01:15+03:00" level=info msg="Register users handler" func="main.main()" file="main.go 38"
time="2023-06-03T18:01:15+03:00" level=info msg="Register workers handler" func="main.main()" file="main.go 44"
time="2023-06-03T18:01:15+03:00" level=info msg="Register book handler" func="main.main()" file="main.go 50"
time="2023-06-03T18:01:15+03:00" level=info msg="Start application" func="main.start()" file="main.go 61"
time="2023-06-03T18:01:15+03:00" level=info msg="Listen TCP" func="main.start()" file="main.go 65"
time="2023-06-03T18:01:15+03:00" level=info msg="Server is listening port :10000" func="main.start()" file="main.go 67"
time="2023-06-03T18:01:30+03:00" level=trace msg="SQL Query:    SELECT id, name    FROM public.author   WHERE id = $1  " func="github.com/alexPavlikov/REST-API_Clean_Architecture/internal/book.(*repository).FindAllBooksByAuthor()" file="postgresql.go 181"
time="2023-06-03T18:01:53+03:00" level=trace msg="SQL Query:    SELECT id, name    FROM public.author   WHERE id = $1  " func="github.com/alexPavlikov/REST-API_Clean_Architecture/internal/book.(*repository).FindAllBooksByAuthor()" file="postgresql.go 181"
time="2023-06-03T18:03:33+03:00" level=info msg="Create router" func="main.main()" file="main.go 22"
time="2023-06-03T18:03:33+03:00" level=info msg="Register authors handler" func="main.main()" file="main.go 32"
time="2023-06-03T18:03:33+03:00" level=info msg="Register users handler" func="main.main()" file="main.go 38"
time="2023-06-03T18:03:33+03:00" level=info msg="Register workers handler" func="main.main()" file="main.go 44"
time="2023-06-03T18:03:33+03:00" level=info msg="Register book handler" func="main.main()" file="main.go 50"
time="2023-06-03T18:03:33+03:00" level=info msg="Start application" func="main.start()" file="main.go 61"
time="2023-06-03T18:03:33+03:00" level=info msg="Listen TCP" func="main.start()" file="main.go 65"
time="2023-06-03T18:03:33+03:00" level=info msg="Server is listening port :10000" func="main.start()" file="main.go 67"
time="2023-06-03T18:03:34+03:00" level=trace msg="SQL Query:    SELECT id, name    FROM public.author   WHERE id = $1  " func="github.com/alexPavlikov/REST-API_Clean_Architecture/internal/book.(*repository).FindAllBooksByAuthor()" file="postgresql.go 181"
time="2023-06-03T18:03:43+03:00" level=trace msg="SQL Query:    SELECT id, name    FROM public.author   WHERE id = $1  " func="github.com/alexPavlikov/REST-API_Clean_Architecture/internal/book.(*repository).FindAllBooksByAuthor()" file="postgresql.go 181"
time="2023-06-03T18:03:48+03:00" level=trace msg="SQL Query:    SELECT id, name    FROM public.book  " func="github.com/alexPavlikov/REST-API_Clean_Architecture/internal/book.(*repository).FindAllBooks()" file="postgresql.go 135"
time="2023-06-03T18:04:03+03:00" level=trace msg="SQL Query:    SELECT id, name    FROM public.author   WHERE id = $1  " func="github.com/alexPavlikov/REST-API_Clean_Architecture/internal/book.(*repository).FindAllBooksByAuthor()" file="postgresql.go 181"
time="2023-06-03T18:06:07+03:00" level=info msg="Create router" func="main.main()" file="main.go 22"
time="2023-06-03T18:06:07+03:00" level=info msg="Register authors handler" func="main.main()" file="main.go 32"
time="2023-06-03T18:06:07+03:00" level=info msg="Register users handler" func="main.main()" file="main.go 38"
time="2023-06-03T18:06:07+03:00" level=info msg="Register workers handler" func="main.main()" file="main.go 44"
time="2023-06-03T18:06:07+03:00" level=info msg="Register book handler" func="main.main()" file="main.go 50"
time="2023-06-03T18:06:07+03:00" level=info msg="Start application" func="main.start()" file="main.go 61"
time="2023-06-03T18:06:07+03:00" level=info msg="Listen TCP" func="main.start()" file="main.go 65"
time="2023-06-03T18:06:07+03:00" level=info msg="Server is listening port :10000" func="main.start()" file="main.go 67"
time="2023-06-03T18:06:08+03:00" level=trace msg="SQL Query:    SELECT id, name    FROM public.author   WHERE id = $1  " func="github.com/alexPavlikov/REST-API_Clean_Architecture/internal/book.(*repository).FindAllBooksByAuthor()" file="postgresql.go 181"
time="2023-06-03T18:06:23+03:00" level=trace msg="SQL Query:    SELECT id, name    FROM public.author   WHERE id = $1  " func="github.com/alexPavlikov/REST-API_Clean_Architecture/internal/book.(*repository).FindAllBooksByAuthor()" file="postgresql.go 181"
time="2023-06-03T18:06:23+03:00" level=trace msg="SQL Query:    SELECT id, name    FROM public.author   WHERE id = $1  " func="github.com/alexPavlikov/REST-API_Clean_Architecture/internal/book.(*repository).FindAllBooksByAuthor()" file="postgresql.go 181"
time="2023-06-03T18:07:41+03:00" level=info msg="Create router" func="main.main()" file="main.go 22"
time="2023-06-03T18:07:41+03:00" level=info msg="Register authors handler" func="main.main()" file="main.go 32"
time="2023-06-03T18:07:41+03:00" level=info msg="Register users handler" func="main.main()" file="main.go 38"
time="2023-06-03T18:07:41+03:00" level=info msg="Register workers handler" func="main.main()" file="main.go 44"
time="2023-06-03T18:07:41+03:00" level=info msg="Register book handler" func="main.main()" file="main.go 50"
time="2023-06-03T18:07:41+03:00" level=info msg="Start application" func="main.start()" file="main.go 61"
time="2023-06-03T18:07:41+03:00" level=info msg="Listen TCP" func="main.start()" file="main.go 65"
time="2023-06-03T18:07:41+03:00" level=info msg="Server is listening port :10000" func="main.start()" file="main.go 67"
time="2023-06-03T18:07:43+03:00" level=trace msg="SQL Query:    SELECT id, name    FROM public.author   WHERE id = $1  " func="github.com/alexPavlikov/REST-API_Clean_Architecture/internal/book.(*repository).FindAllBooksByAuthor()" file="postgresql.go 181"
time="2023-06-03T18:25:14+03:00" level=info msg="Create router" func="main.main()" file="main.go 22"
time="2023-06-03T18:25:14+03:00" level=info msg="Register authors handler" func="main.main()" file="main.go 32"
time="2023-06-03T18:25:14+03:00" level=info msg="Register users handler" func="main.main()" file="main.go 38"
time="2023-06-03T18:25:14+03:00" level=info msg="Register workers handler" func="main.main()" file="main.go 44"
time="2023-06-03T18:25:14+03:00" level=info msg="Register book handler" func="main.main()" file="main.go 50"
time="2023-06-03T18:25:14+03:00" level=info msg="Start application" func="main.start()" file="main.go 61"
time="2023-06-03T18:25:14+03:00" level=info msg="Listen TCP" func="main.start()" file="main.go 65"
time="2023-06-03T18:25:14+03:00" level=info msg="Server is listening port :10000" func="main.start()" file="main.go 67"
time="2023-06-03T18:25:16+03:00" level=trace msg="SQL Query:    SELECT id, name    FROM public.author   WHERE id = $1  " func="github.com/alexPavlikov/REST-API_Clean_Architecture/internal/book.(*repository).FindAllBooksByAuthor()" file="postgresql.go 178"
time="2023-06-03T18:25:16+03:00" level=trace msg="SQL Query:   SELECT     ba.id, b.name   FROM     public.book_authors ba   JOIN public.author     b on b.id = ba.author_id   WHERE     ba.book_id = $1;  " func="github.com/alexPavlikov/REST-API_Clean_Architecture/internal/book.(*repository).test()" file="postgresql.go 244"
time="2023-06-03T18:25:16+03:00" level=trace msg="SQL Query:   SELECT     ba.id, b.name   FROM     public.book_authors ba   JOIN public.author     b on b.id = ba.author_id   WHERE     ba.book_id = $1;  " func="github.com/alexPavlikov/REST-API_Clean_Architecture/internal/book.(*repository).test()" file="postgresql.go 244"
time="2023-06-03T18:26:23+03:00" level=info msg="Create router" func="main.main()" file="main.go 22"
time="2023-06-03T18:26:24+03:00" level=info msg="Register authors handler" func="main.main()" file="main.go 32"
time="2023-06-03T18:26:24+03:00" level=info msg="Register users handler" func="main.main()" file="main.go 38"
time="2023-06-03T18:26:24+03:00" level=info msg="Register workers handler" func="main.main()" file="main.go 44"
time="2023-06-03T18:26:24+03:00" level=info msg="Register book handler" func="main.main()" file="main.go 50"
time="2023-06-03T18:26:24+03:00" level=info msg="Start application" func="main.start()" file="main.go 61"
time="2023-06-03T18:26:24+03:00" level=info msg="Listen TCP" func="main.start()" file="main.go 65"
time="2023-06-03T18:26:24+03:00" level=info msg="Server is listening port :10000" func="main.start()" file="main.go 67"
time="2023-06-03T18:26:25+03:00" level=trace msg="SQL Query:    SELECT id, name    FROM public.author   WHERE id = $1  " func="github.com/alexPavlikov/REST-API_Clean_Architecture/internal/book.(*repository).FindAllBooksByAuthor()" file="postgresql.go 178"
time="2023-06-03T18:26:25+03:00" level=trace msg="SQL Query:   SELECT     ba.id, b.name   FROM     public.book_authors ba   JOIN public.author     b on b.id = ba.author_id   WHERE     ba.book_id = $1;  " func="github.com/alexPavlikov/REST-API_Clean_Architecture/internal/book.(*repository).test()" file="postgresql.go 244"
time="2023-06-03T18:26:25+03:00" level=trace msg="SQL Query:   SELECT     ba.id, b.name   FROM     public.book_authors ba   JOIN public.author     b on b.id = ba.author_id   WHERE     ba.book_id = $1;  " func="github.com/alexPavlikov/REST-API_Clean_Architecture/internal/book.(*repository).test()" file="postgresql.go 244"
time="2023-06-03T18:27:57+03:00" level=info msg="Create router" func="main.main()" file="main.go 22"
time="2023-06-03T18:27:57+03:00" level=info msg="Register authors handler" func="main.main()" file="main.go 32"
time="2023-06-03T18:27:57+03:00" level=info msg="Register users handler" func="main.main()" file="main.go 38"
time="2023-06-03T18:27:57+03:00" level=info msg="Register workers handler" func="main.main()" file="main.go 44"
time="2023-06-03T18:27:57+03:00" level=info msg="Register book handler" func="main.main()" file="main.go 50"
time="2023-06-03T18:27:57+03:00" level=info msg="Start application" func="main.start()" file="main.go 61"
time="2023-06-03T18:27:57+03:00" level=info msg="Listen TCP" func="main.start()" file="main.go 65"
time="2023-06-03T18:27:57+03:00" level=info msg="Server is listening port :10000" func="main.start()" file="main.go 67"
time="2023-06-03T18:27:59+03:00" level=trace msg="SQL Query:    SELECT id, name    FROM public.author   WHERE id = $1  " func="github.com/alexPavlikov/REST-API_Clean_Architecture/internal/book.(*repository).FindAllBooksByAuthor()" file="postgresql.go 179"
time="2023-06-03T18:27:59+03:00" level=trace msg="SQL Query:   SELECT     ba.id, b.name   FROM     public.book_authors ba   JOIN public.author     b on b.id = ba.author_id   WHERE     ba.book_id = $1;  " func="github.com/alexPavlikov/REST-API_Clean_Architecture/internal/book.(*repository).test()" file="postgresql.go 246"
time="2023-06-03T18:27:59+03:00" level=trace msg="SQL Query:   SELECT     ba.id, b.name   FROM     public.book_authors ba   JOIN public.author     b on b.id = ba.author_id   WHERE     ba.book_id = $1;  " func="github.com/alexPavlikov/REST-API_Clean_Architecture/internal/book.(*repository).test()" file="postgresql.go 246"
time="2023-06-03T18:29:12+03:00" level=info msg="Create router" func="main.main()" file="main.go 22"
time="2023-06-03T18:29:12+03:00" level=info msg="Register authors handler" func="main.main()" file="main.go 32"
time="2023-06-03T18:29:12+03:00" level=info msg="Register users handler" func="main.main()" file="main.go 38"
time="2023-06-03T18:29:12+03:00" level=info msg="Register workers handler" func="main.main()" file="main.go 44"
time="2023-06-03T18:29:12+03:00" level=info msg="Register book handler" func="main.main()" file="main.go 50"
time="2023-06-03T18:29:12+03:00" level=info msg="Start application" func="main.start()" file="main.go 61"
time="2023-06-03T18:29:12+03:00" level=info msg="Listen TCP" func="main.start()" file="main.go 65"
time="2023-06-03T18:29:12+03:00" level=info msg="Server is listening port :10000" func="main.start()" file="main.go 67"
time="2023-06-03T18:29:16+03:00" level=trace msg="SQL Query:    SELECT id, name    FROM public.author   WHERE id = $1  " func="github.com/alexPavlikov/REST-API_Clean_Architecture/internal/book.(*repository).FindAllBooksByAuthor()" file="postgresql.go 179"
time="2023-06-03T18:29:16+03:00" level=trace msg="SQL Query:   SELECT     ba.id, b.name   FROM     public.book_authors ba   JOIN public.author     b on b.id = ba.author_id   WHERE     ba.id = $1;  " func="github.com/alexPavlikov/REST-API_Clean_Architecture/internal/book.(*repository).test()" file="postgresql.go 246"
time="2023-06-03T18:29:16+03:00" level=trace msg="SQL Query:   SELECT     ba.id, b.name   FROM     public.book_authors ba   JOIN public.author     b on b.id = ba.author_id   WHERE     ba.id = $1;  " func="github.com/alexPavlikov/REST-API_Clean_Architecture/internal/book.(*repository).test()" file="postgresql.go 246"
time="2023-06-03T18:42:14+03:00" level=info msg="Create router" func="main.main()" file="main.go 22"
time="2023-06-03T18:42:14+03:00" level=info msg="Register authors handler" func="main.main()" file="main.go 32"
time="2023-06-03T18:42:14+03:00" level=info msg="Register users handler" func="main.main()" file="main.go 38"
time="2023-06-03T18:42:14+03:00" level=info msg="Register workers handler" func="main.main()" file="main.go 44"
time="2023-06-03T18:42:14+03:00" level=info msg="Register book handler" func="main.main()" file="main.go 50"
time="2023-06-03T18:42:14+03:00" level=info msg="Start application" func="main.start()" file="main.go 61"
time="2023-06-03T18:42:14+03:00" level=info msg="Listen TCP" func="main.start()" file="main.go 65"
time="2023-06-03T18:42:14+03:00" level=info msg="Server is listening port :10000" func="main.start()" file="main.go 67"
time="2023-06-03T18:42:16+03:00" level=trace msg="SQL Query:    SELECT id, name    FROM public.author   WHERE id = $1  " func="github.com/alexPavlikov/REST-API_Clean_Architecture/internal/book.(*repository).FindAllBooksByAuthor()" file="postgresql.go 179"
time="2023-06-03T18:42:16+03:00" level=trace msg="SQL Query:   SELECT     ba.id, b.name   FROM     public.book_authors ba   JOIN public.author     b on b.id = ba.author_id   WHERE     ba.id = $1;  " func="github.com/alexPavlikov/REST-API_Clean_Architecture/internal/book.(*repository).test()" file="postgresql.go 247"
time="2023-06-03T18:42:16+03:00" level=trace msg="SQL Query:   SELECT     ba.id, b.name   FROM     public.book_authors ba   JOIN public.author     b on b.id = ba.author_id   WHERE     ba.id = $1;  " func="github.com/alexPavlikov/REST-API_Clean_Architecture/internal/book.(*repository).test()" file="postgresql.go 247"
time="2023-06-03T18:48:29+03:00" level=info msg="Create router" func="main.main()" file="main.go 22"
time="2023-06-03T18:48:29+03:00" level=info msg="Register authors handler" func="main.main()" file="main.go 32"
time="2023-06-03T18:48:29+03:00" level=info msg="Register users handler" func="main.main()" file="main.go 38"
time="2023-06-03T18:48:29+03:00" level=info msg="Register workers handler" func="main.main()" file="main.go 44"
time="2023-06-03T18:48:29+03:00" level=info msg="Register book handler" func="main.main()" file="main.go 50"
time="2023-06-03T18:48:29+03:00" level=info msg="Start application" func="main.start()" file="main.go 61"
time="2023-06-03T18:48:29+03:00" level=info msg="Listen TCP" func="main.start()" file="main.go 65"
time="2023-06-03T18:48:29+03:00" level=info msg="Server is listening port :10000" func="main.start()" file="main.go 67"
time="2023-06-03T18:48:35+03:00" level=trace msg="SQL Query:    SELECT id, name    FROM public.author   WHERE id = $1  " func="github.com/alexPavlikov/REST-API_Clean_Architecture/internal/book.(*repository).FindAllBooksByAuthor()" file="postgresql.go 179"
time="2023-06-03T18:48:35+03:00" level=trace msg="SQL Query:   SELECT     ba.id, b.name   FROM     public.book_authors ba   JOIN public.author     b on b.id = ba.author_id   WHERE     ba.book_id = $1;  " func="github.com/alexPavlikov/REST-API_Clean_Architecture/internal/book.(*repository).test()" file="postgresql.go 247"
time="2023-06-03T18:48:35+03:00" level=trace msg="SQL Query:   SELECT     ba.id, b.name   FROM     public.book_authors ba   JOIN public.author     b on b.id = ba.author_id   WHERE     ba.book_id = $1;  " func="github.com/alexPavlikov/REST-API_Clean_Architecture/internal/book.(*repository).test()" file="postgresql.go 247"
time="2023-06-03T18:50:28+03:00" level=info msg="Create router" func="main.main()" file="main.go 22"
time="2023-06-03T18:50:28+03:00" level=info msg="Register authors handler" func="main.main()" file="main.go 32"
time="2023-06-03T18:50:28+03:00" level=info msg="Register users handler" func="main.main()" file="main.go 38"
time="2023-06-03T18:50:28+03:00" level=info msg="Register workers handler" func="main.main()" file="main.go 44"
time="2023-06-03T18:50:28+03:00" level=info msg="Register book handler" func="main.main()" file="main.go 50"
time="2023-06-03T18:50:28+03:00" level=info msg="Start application" func="main.start()" file="main.go 61"
time="2023-06-03T18:50:28+03:00" level=info msg="Listen TCP" func="main.start()" file="main.go 65"
time="2023-06-03T18:50:28+03:00" level=info msg="Server is listening port :10000" func="main.start()" file="main.go 67"
time="2023-06-03T18:50:35+03:00" level=trace msg="SQL Query:    SELECT id, name    FROM public.book  " func="github.com/alexPavlikov/REST-API_Clean_Architecture/internal/book.(*repository).FindAllBooks()" file="postgresql.go 133"
time="2023-06-03T18:51:06+03:00" level=trace msg="SQL Query:    SELECT     id, name    FROM     public.author  " func="github.com/alexPavlikov/REST-API_Clean_Architecture/internal/author.(*repository).FindAll()" file="postgresql.go 59"
time="2023-06-03T18:51:12+03:00" level=trace msg="SQL Query:    SELECT     id, name    FROM     public.author   WHERE     id = $1  " func="github.com/alexPavlikov/REST-API_Clean_Architecture/internal/author.(*repository).FindOne()" file="postgresql.go 93"
time="2023-06-03T18:51:19+03:00" level=trace msg="SQL Query:   SELECT   id, firstname, lastname, age, email, password_hash  FROM   public.user  " func="github.com/alexPavlikov/REST-API_Clean_Architecture/internal/user.(*repository).FindAll()" file="postgres.go 58"
time="2023-06-03T18:51:25+03:00" level=trace msg="SQL Query:   SELECT   id, firstname, lastname, age, email, password_hash  FROM   public.user  WHERE id = $1   " func="github.com/alexPavlikov/REST-API_Clean_Architecture/internal/user.(*repository).FindOne()" file="postgres.go 88"
time="2023-06-03T18:51:29+03:00" level=trace msg="SQL Query:   SELECT    id, firstname, lastname, age, experiens, number, address, email, password_hash  FROM    public.worker  " func="github.com/alexPavlikov/REST-API_Clean_Architecture/internal/worker.(*repository).FindAll()" file="postgresql.go 67"
time="2023-06-03T18:51:33+03:00" level=trace msg="SQL Query:   SELECT    id, firstname, lastname, age, experiens, number, address, email, password_hash  FROM    public.worker  WHERE    id = $1  " func="github.com/alexPavlikov/REST-API_Clean_Architecture/internal/worker.(*repository).FindOne()" file="postgresql.go 99"
time="2023-06-03T18:56:50+03:00" level=info msg="Create router" func="main.main()" file="main.go 22"
time="2023-06-03T18:56:50+03:00" level=info msg="Register authors handler" func="main.main()" file="main.go 32"
time="2023-06-03T18:56:50+03:00" level=info msg="Register users handler" func="main.main()" file="main.go 38"
time="2023-06-03T18:56:50+03:00" level=info msg="Register workers handler" func="main.main()" file="main.go 44"
time="2023-06-03T18:56:50+03:00" level=info msg="Register book handler" func="main.main()" file="main.go 50"
time="2023-06-03T18:56:50+03:00" level=info msg="Start application" func="main.start()" file="main.go 61"
time="2023-06-03T18:56:50+03:00" level=info msg="Listen TCP" func="main.start()" file="main.go 65"
time="2023-06-03T18:56:50+03:00" level=info msg="Server is listening port :10000" func="main.start()" file="main.go 67"
time="2023-06-03T18:57:02+03:00" level=trace msg="SQL Query:    SELECT id, name    FROM public.author   WHERE id = $1  " func="github.com/alexPavlikov/REST-API_Clean_Architecture/internal/book.(*repository).FindAllBooksByAuthor()" file="postgresql.go 179"
time="2023-06-03T18:58:18+03:00" level=info msg="Create router" func="main.main()" file="main.go 22"
time="2023-06-03T18:58:18+03:00" level=info msg="Register authors handler" func="main.main()" file="main.go 32"
time="2023-06-03T18:58:18+03:00" level=info msg="Register users handler" func="main.main()" file="main.go 38"
time="2023-06-03T18:58:18+03:00" level=info msg="Register workers handler" func="main.main()" file="main.go 44"
time="2023-06-03T18:58:18+03:00" level=info msg="Register book handler" func="main.main()" file="main.go 50"
time="2023-06-03T18:58:18+03:00" level=info msg="Start application" func="main.start()" file="main.go 61"
time="2023-06-03T18:58:18+03:00" level=info msg="Listen TCP" func="main.start()" file="main.go 65"
time="2023-06-03T18:58:18+03:00" level=info msg="Server is listening port :10000" func="main.start()" file="main.go 67"
time="2023-06-03T18:59:14+03:00" level=info msg="Create router" func="main.main()" file="main.go 22"
time="2023-06-03T18:59:14+03:00" level=info msg="Register authors handler" func="main.main()" file="main.go 32"
time="2023-06-03T18:59:14+03:00" level=info msg="Register users handler" func="main.main()" file="main.go 38"
time="2023-06-03T18:59:14+03:00" level=info msg="Register workers handler" func="main.main()" file="main.go 44"
time="2023-06-03T18:59:14+03:00" level=info msg="Register book handler" func="main.main()" file="main.go 50"
time="2023-06-03T18:59:14+03:00" level=info msg="Start application" func="main.start()" file="main.go 61"
time="2023-06-03T18:59:14+03:00" level=info msg="Listen TCP" func="main.start()" file="main.go 65"
time="2023-06-03T18:59:14+03:00" level=info msg="Server is listening port :10000" func="main.start()" file="main.go 67"
time="2023-06-03T18:59:16+03:00" level=trace msg="SQL Query:    SELECT id, name    FROM public.author   WHERE id = $1  " func="github.com/alexPavlikov/REST-API_Clean_Architecture/internal/book.(*repository).FindAllBooksByAuthor()" file="postgresql.go 179"
time="2023-06-03T18:59:16+03:00" level=trace msg="SQL Query:   SELECT     ba.id, b.name   FROM     public.book_authors ba   JOIN public.author     b on b.id = ba.author_id   WHERE     ba.book_id = $1;  " func="github.com/alexPavlikov/REST-API_Clean_Architecture/internal/book.(*repository).getAllAuthorByBookId()" file="postgresql.go 247"
time="2023-06-03T18:59:16+03:00" level=trace msg="SQL Query:   SELECT     ba.id, b.name   FROM     public.book_authors ba   JOIN public.author     b on b.id = ba.author_id   WHERE     ba.book_id = $1;  " func="github.com/alexPavlikov/REST-API_Clean_Architecture/internal/book.(*repository).getAllAuthorByBookId()" file="postgresql.go 247"
